 File has been used for this event: newimportd.csv.csv
 Type of the imported file: csv
 Revision of the which is used: 10
 Mode of event: Insert
 Total no of records: 27
 Rows handled on each iterations (Based on your server configuration): 1
 File used to import data into: jobs (jobs)
[2017-03-19 20:00:16] Message: Inserted jobs ID: 501,  Status: publish  Click here to verify - Web View | Admin View 
[2017-03-19 20:00:18] Message: Inserted jobs ID: 502,  Status: publish  Click here to verify - Web View | Admin View 
[2017-03-19 20:00:21] Message: Inserted jobs ID: 503,  Status: publish  Click here to verify - Web View | Admin View 
[2017-03-19 20:00:23] Message: Inserted jobs ID: 504,  Status: publish  Click here to verify - Web View | Admin View 
[2017-03-19 20:00:26] Message: Inserted jobs ID: 505,  Status: publish  Click here to verify - Web View | Admin View 
[2017-03-19 20:00:30] Message: Inserted jobs ID: 506,  Status: publish  Click here to verify - Web View | Admin View 
[2017-03-19 20:00:33] Message: Inserted jobs ID: 507,  Status: publish  Click here to verify - Web View | Admin View 
[2017-03-19 20:00:36] Message: Inserted jobs ID: 508,  Status: publish  Click here to verify - Web View | Admin View 
[2017-03-19 20:00:38] Message: Inserted jobs ID: 509,  Status: publish  Click here to verify - Web View | Admin View 
[2017-03-19 20:00:41] Message: Inserted jobs ID: 510,  Status: publish  Click here to verify - Web View | Admin View 
[2017-03-19 20:00:44] Message: Inserted jobs ID: 511,  Status: publish  Click here to verify - Web View | Admin View 
[2017-03-19 20:00:47] Message: Inserted jobs ID: 512,  Status: publish  Click here to verify - Web View | Admin View 
[2017-03-19 20:00:52] Message: Inserted jobs ID: 513,  Status: publish  Click here to verify - Web View | Admin View 
[2017-03-19 20:00:55] Message: Inserted jobs ID: 514,  Status: publish  Click here to verify - Web View | Admin View 
[2017-03-19 20:00:58] Message: Inserted jobs ID: 515,  Status: publish  Click here to verify - Web View | Admin View 
[2017-03-19 20:01:01] Message: Inserted jobs ID: 516,  Status: publish  Click here to verify - Web View | Admin View 
[2017-03-19 20:01:02] Message: Inserted jobs ID: 517,  Status: publish  Click here to verify - Web View | Admin View 
[2017-03-19 20:01:06] Message: Inserted jobs ID: 518,  Status: publish  Click here to verify - Web View | Admin View 
[2017-03-19 20:01:08] Message: Inserted jobs ID: 519,  Status: publish  Click here to verify - Web View | Admin View 
[2017-03-19 20:01:11] Message: Inserted jobs ID: 520,  Status: publish  Click here to verify - Web View | Admin View 
[2017-03-19 20:01:13] Message: Inserted jobs ID: 521,  Status: publish  Click here to verify - Web View | Admin View 
[2017-03-19 20:01:16] Message: Inserted jobs ID: 522,  Status: publish  Click here to verify - Web View | Admin View 
[2017-03-19 20:01:18] Message: Inserted jobs ID: 523,  Status: publish  Click here to verify - Web View | Admin View 
[2017-03-19 20:01:21] Message: Inserted jobs ID: 524,  Status: publish  Click here to verify - Web View | Admin View 
[2017-03-19 20:01:23] Message: Inserted jobs ID: 525,  Status: publish  Click here to verify - Web View | Admin View 
[2017-03-19 20:01:26] Message: Inserted jobs ID: 526,  Status: publish  Click here to verify - Web View | Admin View 
[2017-03-19 20:01:28] Message: Inserted jobs ID: 527,  Status: publish  Click here to verify - Web View | Admin View 
