 File has been used for this event: newimportd.csv.csv
 Type of the imported file: csv
 Revision of the which is used: 5
 Mode of event: Insert
 Total no of records: 27
 Rows handled on each iterations (Based on your server configuration): 1
 File used to import data into: jobs (jobs)
[2017-03-19 10:56:19] Message: Inserted jobs ID: 392,  Status: publish  Click here to verify - Web View | Admin View 
[2017-03-19 10:56:22] Message: Inserted jobs ID: 393,  Status: publish  Click here to verify - Web View | Admin View 
[2017-03-19 10:56:23] Message: Inserted jobs ID: 394,  Status: publish  Click here to verify - Web View | Admin View 
[2017-03-19 10:56:26] Message: Inserted jobs ID: 395,  Status: publish  Click here to verify - Web View | Admin View 
[2017-03-19 10:56:27] Message: Inserted jobs ID: 396,  Status: publish  Click here to verify - Web View | Admin View 
[2017-03-19 10:56:29] Message: Inserted jobs ID: 397,  Status: publish  Click here to verify - Web View | Admin View 
[2017-03-19 10:56:31] Message: Inserted jobs ID: 398,  Status: publish  Click here to verify - Web View | Admin View 
[2017-03-19 10:56:33] Message: Inserted jobs ID: 399,  Status: publish  Click here to verify - Web View | Admin View 
[2017-03-19 10:56:36] Message: Inserted jobs ID: 400,  Status: publish  Click here to verify - Web View | Admin View 
[2017-03-19 10:56:38] Message: Inserted jobs ID: 401,  Status: publish  Click here to verify - Web View | Admin View 
[2017-03-19 10:56:41] Message: Inserted jobs ID: 402,  Status: publish  Click here to verify - Web View | Admin View 
[2017-03-19 10:56:43] Message: Inserted jobs ID: 403,  Status: publish  Click here to verify - Web View | Admin View 
[2017-03-19 10:56:46] Message: Inserted jobs ID: 404,  Status: publish  Click here to verify - Web View | Admin View 
[2017-03-19 10:56:48] Message: Inserted jobs ID: 405,  Status: publish  Click here to verify - Web View | Admin View 
[2017-03-19 10:56:51] Message: Inserted jobs ID: 406,  Status: publish  Click here to verify - Web View | Admin View 
[2017-03-19 10:56:53] Message: Inserted jobs ID: 407,  Status: publish  Click here to verify - Web View | Admin View 
[2017-03-19 10:56:56] Message: Inserted jobs ID: 408,  Status: publish  Click here to verify - Web View | Admin View 
[2017-03-19 10:56:58] Message: Inserted jobs ID: 409,  Status: publish  Click here to verify - Web View | Admin View 
[2017-03-19 10:57:01] Message: Inserted jobs ID: 410,  Status: publish  Click here to verify - Web View | Admin View 
[2017-03-19 10:57:03] Message: Inserted jobs ID: 411,  Status: publish  Click here to verify - Web View | Admin View 
[2017-03-19 10:57:06] Message: Inserted jobs ID: 412,  Status: publish  Click here to verify - Web View | Admin View 
[2017-03-19 10:57:08] Message: Inserted jobs ID: 413,  Status: publish  Click here to verify - Web View | Admin View 
[2017-03-19 10:57:11] Message: Inserted jobs ID: 414,  Status: publish  Click here to verify - Web View | Admin View 
[2017-03-19 10:57:12] Message: Inserted jobs ID: 415,  Status: publish  Click here to verify - Web View | Admin View 
[2017-03-19 10:57:13] Message: Inserted jobs ID: 416,  Status: publish  Click here to verify - Web View | Admin View 
[2017-03-19 10:57:16] Message: Inserted jobs ID: 417,  Status: publish  Click here to verify - Web View | Admin View 
[2017-03-19 10:57:17] Message: Inserted jobs ID: 418,  Status: publish  Click here to verify - Web View | Admin View 
