 File has been used for this event: newimportd.csv.csv
 Type of the imported file: csv
 Revision of the which is used: 1
 Mode of event: Insert
 Total no of records: 27
 Rows handled on each iterations (Based on your server configuration): 1
 File used to import data into: jobs (jobs)
[2017-03-19 10:36:27] Message: Inserted jobs ID: 284,  Status: publish  Click here to verify - Web View | Admin View 
[2017-03-19 10:36:29] Message: Inserted jobs ID: 285,  Status: publish  Click here to verify - Web View | Admin View 
[2017-03-19 10:36:32] Message: Inserted jobs ID: 286,  Status: publish  Click here to verify - Web View | Admin View 
[2017-03-19 10:36:34] Message: Inserted jobs ID: 287,  Status: publish  Click here to verify - Web View | Admin View 
[2017-03-19 10:36:37] Message: Inserted jobs ID: 288,  Status: publish  Click here to verify - Web View | Admin View 
[2017-03-19 10:36:39] Message: Inserted jobs ID: 289,  Status: publish  Click here to verify - Web View | Admin View 
[2017-03-19 10:36:42] Message: Inserted jobs ID: 290,  Status: publish  Click here to verify - Web View | Admin View 
[2017-03-19 10:36:45] Message: Inserted jobs ID: 291,  Status: publish  Click here to verify - Web View | Admin View 
[2017-03-19 10:36:48] Message: Inserted jobs ID: 292,  Status: publish  Click here to verify - Web View | Admin View 
[2017-03-19 10:36:52] Message: Inserted jobs ID: 293,  Status: publish  Click here to verify - Web View | Admin View 
[2017-03-19 10:36:56] Message: Inserted jobs ID: 294,  Status: publish  Click here to verify - Web View | Admin View 
[2017-03-19 10:36:59] Message: Inserted jobs ID: 295,  Status: publish  Click here to verify - Web View | Admin View 
[2017-03-19 10:37:02] Message: Inserted jobs ID: 296,  Status: publish  Click here to verify - Web View | Admin View 
[2017-03-19 10:37:04] Message: Inserted jobs ID: 297,  Status: publish  Click here to verify - Web View | Admin View 
[2017-03-19 10:37:07] Message: Inserted jobs ID: 298,  Status: publish  Click here to verify - Web View | Admin View 
[2017-03-19 10:37:08] Message: Inserted jobs ID: 299,  Status: publish  Click here to verify - Web View | Admin View 
[2017-03-19 10:37:12] Message: Inserted jobs ID: 300,  Status: publish  Click here to verify - Web View | Admin View 
[2017-03-19 10:37:14] Message: Inserted jobs ID: 301,  Status: publish  Click here to verify - Web View | Admin View 
[2017-03-19 10:37:16] Message: Inserted jobs ID: 302,  Status: publish  Click here to verify - Web View | Admin View 
[2017-03-19 10:37:19] Message: Inserted jobs ID: 303,  Status: publish  Click here to verify - Web View | Admin View 
[2017-03-19 10:37:22] Message: Inserted jobs ID: 304,  Status: publish  Click here to verify - Web View | Admin View 
[2017-03-19 10:37:23] Message: Inserted jobs ID: 305,  Status: publish  Click here to verify - Web View | Admin View 
[2017-03-19 10:37:26] Message: Inserted jobs ID: 306,  Status: publish  Click here to verify - Web View | Admin View 
[2017-03-19 10:37:28] Message: Inserted jobs ID: 307,  Status: publish  Click here to verify - Web View | Admin View 
[2017-03-19 10:37:32] Message: Inserted jobs ID: 308,  Status: publish  Click here to verify - Web View | Admin View 
[2017-03-19 10:37:34] Message: Inserted jobs ID: 309,  Status: publish  Click here to verify - Web View | Admin View 
[2017-03-19 10:37:37] Message: Inserted jobs ID: 310,  Status: publish  Click here to verify - Web View | Admin View 
