 File has been used for this event: template_format.csv
 Type of the imported file: csv
 Revision of the which is used: 2
 Mode of event: Insert
 Total no of records: 27
 Rows handled on each iterations (Based on your server configuration): 1
 File used to import data into: jobs (jobs)
[2017-03-21 16:13:20] Message: Inserted jobs ID: 577,  Status: publish  Click here to verify - Web View | Admin View 
[2017-03-21 16:13:21] Message: Inserted jobs ID: 578,  Status: publish  Click here to verify - Web View | Admin View 
[2017-03-21 16:13:23] Message: Inserted jobs ID: 579,  Status: publish  Click here to verify - Web View | Admin View 
[2017-03-21 16:13:26] Message: Inserted jobs ID: 580,  Status: publish  Click here to verify - Web View | Admin View 
[2017-03-21 16:13:29] Message: Inserted jobs ID: 581,  Status: publish  Click here to verify - Web View | Admin View 
[2017-03-21 16:13:33] Message: Inserted jobs ID: 582,  Status: publish  Click here to verify - Web View | Admin View 
[2017-03-21 16:13:36] Message: Inserted jobs ID: 583,  Status: publish  Click here to verify - Web View | Admin View 
[2017-03-21 16:13:39] Message: Inserted jobs ID: 584,  Status: publish  Click here to verify - Web View | Admin View 
[2017-03-21 16:13:41] Message: Inserted jobs ID: 585,  Status: publish  Click here to verify - Web View | Admin View 
[2017-03-21 16:13:43] Message: Inserted jobs ID: 586,  Status: publish  Click here to verify - Web View | Admin View 
[2017-03-21 16:13:46] Message: Inserted jobs ID: 587,  Status: publish  Click here to verify - Web View | Admin View 
[2017-03-21 16:13:50] Message: Inserted jobs ID: 588,  Status: publish  Click here to verify - Web View | Admin View 
[2017-03-21 16:13:52] Message: Inserted jobs ID: 589,  Status: publish  Click here to verify - Web View | Admin View 
[2017-03-21 16:13:56] Message: Inserted jobs ID: 590,  Status: publish  Click here to verify - Web View | Admin View 
[2017-03-21 16:13:59] Message: Inserted jobs ID: 591,  Status: publish  Click here to verify - Web View | Admin View 
[2017-03-21 16:14:01] Message: Inserted jobs ID: 592,  Status: publish  Click here to verify - Web View | Admin View 
[2017-03-21 16:14:03] Message: Inserted jobs ID: 593,  Status: publish  Click here to verify - Web View | Admin View 
[2017-03-21 16:14:06] Message: Inserted jobs ID: 594,  Status: publish  Click here to verify - Web View | Admin View 
[2017-03-21 16:14:09] Message: Inserted jobs ID: 595,  Status: publish  Click here to verify - Web View | Admin View 
[2017-03-21 16:14:11] Message: Inserted jobs ID: 596,  Status: publish  Click here to verify - Web View | Admin View 
[2017-03-21 16:14:13] Message: Inserted jobs ID: 597,  Status: publish  Click here to verify - Web View | Admin View 
[2017-03-21 16:14:16] Message: Inserted jobs ID: 598,  Status: publish  Click here to verify - Web View | Admin View 
[2017-03-21 16:14:19] Message: Inserted jobs ID: 599,  Status: publish  Click here to verify - Web View | Admin View 
[2017-03-21 16:14:20] Message: Inserted jobs ID: 600,  Status: publish  Click here to verify - Web View | Admin View 
[2017-03-21 16:14:22] Message: Inserted jobs ID: 601,  Status: publish  Click here to verify - Web View | Admin View 
[2017-03-21 16:14:24] Message: Inserted jobs ID: 602,  Status: publish  Click here to verify - Web View | Admin View 
[2017-03-21 16:14:26] Message: Inserted jobs ID: 603,  Status: publish  Click here to verify - Web View | Admin View 
