 File has been used for this event: template_format.csv
 Type of the imported file: csv
 Revision of the which is used: 4
 Mode of event: Insert
 Total no of records: 27
 Rows handled on each iterations (Based on your server configuration): 1
 File used to import data into: jobs (jobs)
[2017-04-11 13:43:56] Message: Inserted jobs ID: 707,  Status: publish  Click here to verify - Web View | Admin View 
[2017-04-11 13:43:59] Message: Inserted jobs ID: 708,  Status: publish  Click here to verify - Web View | Admin View 
[2017-04-11 13:44:02] Message: Inserted jobs ID: 709,  Status: publish  Click here to verify - Web View | Admin View 
[2017-04-11 13:44:05] Message: Inserted jobs ID: 710,  Status: publish  Click here to verify - Web View | Admin View 
[2017-04-11 13:44:09] Message: Inserted jobs ID: 711,  Status: publish  Click here to verify - Web View | Admin View 
[2017-04-11 13:44:11] Message: Inserted jobs ID: 712,  Status: publish  Click here to verify - Web View | Admin View 
[2017-04-11 13:44:16] Message: Inserted jobs ID: 713,  Status: publish  Click here to verify - Web View | Admin View 
[2017-04-11 13:44:19] Message: Inserted jobs ID: 714,  Status: publish  Click here to verify - Web View | Admin View 
[2017-04-11 13:44:21] Message: Inserted jobs ID: 715,  Status: publish  Click here to verify - Web View | Admin View 
[2017-04-11 13:44:25] Message: Inserted jobs ID: 716,  Status: publish  Click here to verify - Web View | Admin View 
[2017-04-11 13:44:29] Message: Inserted jobs ID: 717,  Status: publish  Click here to verify - Web View | Admin View 
[2017-04-11 13:44:33] Message: Inserted jobs ID: 718,  Status: publish  Click here to verify - Web View | Admin View 
[2017-04-11 13:44:36] Message: Inserted jobs ID: 719,  Status: publish  Click here to verify - Web View | Admin View 
[2017-04-11 13:44:39] Message: Inserted jobs ID: 720,  Status: publish  Click here to verify - Web View | Admin View 
[2017-04-11 13:44:41] Message: Inserted jobs ID: 721,  Status: publish  Click here to verify - Web View | Admin View 
[2017-04-11 13:44:45] Message: Inserted jobs ID: 722,  Status: publish  Click here to verify - Web View | Admin View 
[2017-04-11 13:44:49] Message: Inserted jobs ID: 723,  Status: publish  Click here to verify - Web View | Admin View 
[2017-04-11 13:44:54] Message: Inserted jobs ID: 724,  Status: publish  Click here to verify - Web View | Admin View 
[2017-04-11 13:44:56] Message: Inserted jobs ID: 725,  Status: publish  Click here to verify - Web View | Admin View 
[2017-04-11 13:45:00] Message: Inserted jobs ID: 726,  Status: publish  Click here to verify - Web View | Admin View 
[2017-04-11 13:45:04] Message: Inserted jobs ID: 727,  Status: publish  Click here to verify - Web View | Admin View 
[2017-04-11 13:45:06] Message: Inserted jobs ID: 728,  Status: publish  Click here to verify - Web View | Admin View 
[2017-04-11 13:45:11] Message: Inserted jobs ID: 729,  Status: publish  Click here to verify - Web View | Admin View 
[2017-04-11 13:45:15] Message: Inserted jobs ID: 730,  Status: publish  Click here to verify - Web View | Admin View 
[2017-04-11 13:45:19] Message: Inserted jobs ID: 731,  Status: publish  Click here to verify - Web View | Admin View 
[2017-04-11 13:45:21] Message: Inserted jobs ID: 732,  Status: publish  Click here to verify - Web View | Admin View 
[2017-04-11 13:45:26] Message: Inserted jobs ID: 733,  Status: publish  Click here to verify - Web View | Admin View 
