 File has been used for this event: newimportd.csv.csv
 Type of the imported file: csv
 Revision of the which is used: 8
 Mode of event: Insert
 Total no of records: 27
 Rows handled on each iterations (Based on your server configuration): 1
 File used to import data into: jobs (jobs)
[2017-03-19 11:12:26] Message: Inserted jobs ID: 446,  Status: publish  Click here to verify - Web View | Admin View 
[2017-03-19 11:12:28] Message: Inserted jobs ID: 447,  Status: publish  Click here to verify - Web View | Admin View 
[2017-03-19 11:12:31] Message: Inserted jobs ID: 448,  Status: publish  Click here to verify - Web View | Admin View 
[2017-03-19 11:12:34] Message: Inserted jobs ID: 449,  Status: publish  Click here to verify - Web View | Admin View 
[2017-03-19 11:12:37] Message: Inserted jobs ID: 450,  Status: publish  Click here to verify - Web View | Admin View 
[2017-03-19 11:12:39] Message: Inserted jobs ID: 451,  Status: publish  Click here to verify - Web View | Admin View 
[2017-03-19 11:12:42] Message: Inserted jobs ID: 452,  Status: publish  Click here to verify - Web View | Admin View 
[2017-03-19 11:12:44] Message: Inserted jobs ID: 453,  Status: publish  Click here to verify - Web View | Admin View 
[2017-03-19 11:12:47] Message: Inserted jobs ID: 454,  Status: publish  Click here to verify - Web View | Admin View 
[2017-03-19 11:12:49] Message: Inserted jobs ID: 455,  Status: publish  Click here to verify - Web View | Admin View 
[2017-03-19 11:12:52] Message: Inserted jobs ID: 456,  Status: publish  Click here to verify - Web View | Admin View 
[2017-03-19 11:12:54] Message: Inserted jobs ID: 457,  Status: publish  Click here to verify - Web View | Admin View 
[2017-03-19 11:12:58] Message: Inserted jobs ID: 458,  Status: publish  Click here to verify - Web View | Admin View 
[2017-03-19 11:13:01] Message: Inserted jobs ID: 459,  Status: publish  Click here to verify - Web View | Admin View 
[2017-03-19 11:13:03] Message: Inserted jobs ID: 460,  Status: publish  Click here to verify - Web View | Admin View 
[2017-03-19 11:13:06] Message: Inserted jobs ID: 461,  Status: publish  Click here to verify - Web View | Admin View 
[2017-03-19 11:13:08] Message: Inserted jobs ID: 462,  Status: publish  Click here to verify - Web View | Admin View 
[2017-03-19 11:13:11] Message: Inserted jobs ID: 463,  Status: publish  Click here to verify - Web View | Admin View 
[2017-03-19 11:13:13] Message: Inserted jobs ID: 464,  Status: publish  Click here to verify - Web View | Admin View 
[2017-03-19 11:13:16] Message: Inserted jobs ID: 465,  Status: publish  Click here to verify - Web View | Admin View 
[2017-03-19 11:13:18] Message: Inserted jobs ID: 466,  Status: publish  Click here to verify - Web View | Admin View 
[2017-03-19 11:13:22] Message: Inserted jobs ID: 467,  Status: publish  Click here to verify - Web View | Admin View 
[2017-03-19 11:13:24] Message: Inserted jobs ID: 468,  Status: publish  Click here to verify - Web View | Admin View 
[2017-03-19 11:13:26] Message: Inserted jobs ID: 469,  Status: publish  Click here to verify - Web View | Admin View 
[2017-03-19 11:13:28] Message: Inserted jobs ID: 470,  Status: publish  Click here to verify - Web View | Admin View 
[2017-03-19 11:13:31] Message: Inserted jobs ID: 471,  Status: publish  Click here to verify - Web View | Admin View 
[2017-03-19 11:13:33] Message: Inserted jobs ID: 472,  Status: publish  Click here to verify - Web View | Admin View 
