 File has been used for this event: template_format.csv
 Type of the imported file: csv
 Revision of the which is used: 5
 Mode of event: Insert
 Total no of records: 27
 Rows handled on each iterations (Based on your server configuration): 1
 File used to import data into: jobs (jobs)
[2017-04-12 09:21:06] Message: Inserted jobs ID: 773,  Status: publish  Click here to verify - Web View | Admin View 
[2017-04-12 09:21:10] Message: Inserted jobs ID: 774,  Status: publish  Click here to verify - Web View | Admin View 
[2017-04-12 09:21:14] Message: Inserted jobs ID: 775,  Status: publish  Click here to verify - Web View | Admin View 
[2017-04-12 09:21:18] Message: Inserted jobs ID: 776,  Status: publish  Click here to verify - Web View | Admin View 
[2017-04-12 09:21:22] Message: Inserted jobs ID: 777,  Status: publish  Click here to verify - Web View | Admin View 
[2017-04-12 09:21:27] Message: Inserted jobs ID: 778,  Status: publish  Click here to verify - Web View | Admin View 
[2017-04-12 09:21:31] Message: Inserted jobs ID: 779,  Status: publish  Click here to verify - Web View | Admin View 
[2017-04-12 09:21:36] Message: Inserted jobs ID: 780,  Status: publish  Click here to verify - Web View | Admin View 
[2017-04-12 09:21:40] Message: Inserted jobs ID: 781,  Status: publish  Click here to verify - Web View | Admin View 
[2017-04-12 09:21:45] Message: Inserted jobs ID: 782,  Status: publish  Click here to verify - Web View | Admin View 
[2017-04-12 09:21:49] Message: Inserted jobs ID: 783,  Status: publish  Click here to verify - Web View | Admin View 
[2017-04-12 09:21:54] Message: Inserted jobs ID: 784,  Status: publish  Click here to verify - Web View | Admin View 
[2017-04-12 09:21:59] Message: Inserted jobs ID: 785,  Status: publish  Click here to verify - Web View | Admin View 
[2017-04-12 09:22:04] Message: Inserted jobs ID: 786,  Status: publish  Click here to verify - Web View | Admin View 
[2017-04-12 09:22:09] Message: Inserted jobs ID: 787,  Status: publish  Click here to verify - Web View | Admin View 
[2017-04-12 09:22:13] Message: Inserted jobs ID: 788,  Status: publish  Click here to verify - Web View | Admin View 
[2017-04-12 09:22:19] Message: Inserted jobs ID: 789,  Status: publish  Click here to verify - Web View | Admin View 
[2017-04-12 09:22:23] Message: Inserted jobs ID: 790,  Status: publish  Click here to verify - Web View | Admin View 
[2017-04-12 09:22:28] Message: Inserted jobs ID: 791,  Status: publish  Click here to verify - Web View | Admin View 
[2017-04-12 09:22:32] Message: Inserted jobs ID: 792,  Status: publish  Click here to verify - Web View | Admin View 
[2017-04-12 09:22:37] Message: Inserted jobs ID: 793,  Status: publish  Click here to verify - Web View | Admin View 
[2017-04-12 09:22:42] Message: Inserted jobs ID: 794,  Status: publish  Click here to verify - Web View | Admin View 
[2017-04-12 09:22:46] Message: Inserted jobs ID: 795,  Status: publish  Click here to verify - Web View | Admin View 
[2017-04-12 09:22:50] Message: Inserted jobs ID: 796,  Status: publish  Click here to verify - Web View | Admin View 
[2017-04-12 09:22:54] Message: Inserted jobs ID: 797,  Status: publish  Click here to verify - Web View | Admin View 
[2017-04-12 09:22:59] Message: Inserted jobs ID: 798,  Status: publish  Click here to verify - Web View | Admin View 
[2017-04-12 09:23:04] Message: Inserted jobs ID: 799,  Status: publish  Click here to verify - Web View | Admin View 
