 File has been used for this event: newimportd.csv.csv
 Type of the imported file: csv
 Revision of the which is used: 2
 Mode of event: Insert
 Total no of records: 27
 Rows handled on each iterations (Based on your server configuration): 1
 File used to import data into: jobs (jobs)
[2017-03-19 10:48:07] Message: Inserted jobs ID: 338,  Status: publish  Click here to verify - Web View | Admin View 
[2017-03-19 10:48:09] Message: Inserted jobs ID: 339,  Status: publish  Click here to verify - Web View | Admin View 
[2017-03-19 10:48:13] Message: Inserted jobs ID: 340,  Status: publish  Click here to verify - Web View | Admin View 
[2017-03-19 10:48:16] Message: Inserted jobs ID: 341,  Status: publish  Click here to verify - Web View | Admin View 
[2017-03-19 10:48:18] Message: Inserted jobs ID: 342,  Status: publish  Click here to verify - Web View | Admin View 
[2017-03-19 10:48:21] Message: Inserted jobs ID: 343,  Status: publish  Click here to verify - Web View | Admin View 
[2017-03-19 10:48:24] Message: Inserted jobs ID: 344,  Status: publish  Click here to verify - Web View | Admin View 
[2017-03-19 10:48:27] Message: Inserted jobs ID: 345,  Status: publish  Click here to verify - Web View | Admin View 
[2017-03-19 10:48:29] Message: Inserted jobs ID: 346,  Status: publish  Click here to verify - Web View | Admin View 
[2017-03-19 10:48:31] Message: Inserted jobs ID: 347,  Status: publish  Click here to verify - Web View | Admin View 
[2017-03-19 10:48:37] Message: Inserted jobs ID: 348,  Status: publish  Click here to verify - Web View | Admin View 
[2017-03-19 10:48:40] Message: Inserted jobs ID: 349,  Status: publish  Click here to verify - Web View | Admin View 
[2017-03-19 10:48:42] Message: Inserted jobs ID: 350,  Status: publish  Click here to verify - Web View | Admin View 
[2017-03-19 10:48:43] Message: Inserted jobs ID: 351,  Status: publish  Click here to verify - Web View | Admin View 
[2017-03-19 10:48:46] Message: Inserted jobs ID: 352,  Status: publish  Click here to verify - Web View | Admin View 
[2017-03-19 10:48:49] Message: Inserted jobs ID: 353,  Status: publish  Click here to verify - Web View | Admin View 
[2017-03-19 10:48:52] Message: Inserted jobs ID: 354,  Status: publish  Click here to verify - Web View | Admin View 
[2017-03-19 10:48:54] Message: Inserted jobs ID: 355,  Status: publish  Click here to verify - Web View | Admin View 
[2017-03-19 10:48:56] Message: Inserted jobs ID: 356,  Status: publish  Click here to verify - Web View | Admin View 
[2017-03-19 10:48:58] Message: Inserted jobs ID: 357,  Status: publish  Click here to verify - Web View | Admin View 
[2017-03-19 10:49:01] Message: Inserted jobs ID: 358,  Status: publish  Click here to verify - Web View | Admin View 
[2017-03-19 10:49:03] Message: Inserted jobs ID: 359,  Status: publish  Click here to verify - Web View | Admin View 
[2017-03-19 10:49:06] Message: Inserted jobs ID: 360,  Status: publish  Click here to verify - Web View | Admin View 
[2017-03-19 10:49:08] Message: Inserted jobs ID: 361,  Status: publish  Click here to verify - Web View | Admin View 
[2017-03-19 10:49:11] Message: Inserted jobs ID: 362,  Status: publish  Click here to verify - Web View | Admin View 
[2017-03-19 10:49:13] Message: Inserted jobs ID: 363,  Status: publish  Click here to verify - Web View | Admin View 
[2017-03-19 10:49:17] Message: Inserted jobs ID: 364,  Status: publish  Click here to verify - Web View | Admin View 
